
Gurobi 11.0.0 (win64, gurobi_cl) logging started Fri Mar  1 13:55:56 2024

Set parameter Username
Set parameter LogFile to value "gurobi.log"
Using license file C:\Users\l.ullner\gurobi.lic
Academic license - for non-commercial use only - expires 2025-03-01

Gurobi Optimizer version 11.0.0 build v11.0.0rc2 (win64 - Windows 10.0 (19045.2))
Copyright (c) 2023, Gurobi Optimization, LLC

Read LP format model from file C:\Users\L4368~1.ULL\AppData\Local\Temp\91c75abfcc704e66a2b5a548deadd518-pulp.lp
Reading time = 0.55 seconds
Objective: 157680 rows, 183963 columns, 420480 nonzeros

CPU model: Intel(R) Core(TM) i7-8550U CPU @ 1.80GHz, instruction set [SSE2|AVX|AVX2]
Thread count: 4 physical cores, 8 logical processors, using up to 8 threads

Optimize a model with 157680 rows, 183963 columns and 420480 nonzeros
Model fingerprint: 0xd4d3d41b
Variable types: 166443 continuous, 17520 integer (17520 binary)
Coefficient statistics:
  Matrix range     [1e-02, 9e+01]
  Objective range  [1e-01, 1e+00]
  Bounds range     [1e+00, 1e+00]
  RHS range        [9e-04, 2e+02]
Presolve removed 91572 rows and 114441 columns (presolve time = 7s) ...
Presolve removed 74058 rows and 61887 columns
Presolve time: 7.61s
Presolved: 83622 rows, 122076 columns, 278642 nonzeros
Variable types: 106554 continuous, 15522 integer (15522 binary)
Deterministic concurrent LP optimizer: primal and dual simplex
Showing primal log only...


Root simplex log...

Iteration    Objective       Primal Inf.    Dual Inf.      Time
       0    1.3242209e+05   1.244278e+04   1.909901e+10      9s
   57511   -3.4271391e+05   0.000000e+00   4.632794e+05     10s
   70140   -2.6029474e+05   0.000000e+00   2.195591e+06     10s
Concurrent spin time: 0.00s

Solved with dual simplex

Root simplex log...

Iteration    Objective       Primal Inf.    Dual Inf.      Time
   58590    5.4741370e+02   0.000000e+00   0.000000e+00     12s
Extra simplex iterations after uncrush: 11

Root relaxation: objective 5.474137e+02, 58590 iterations, 3.81 seconds (1.97 work units)

    Nodes    |    Current Node    |     Objective Bounds      |     Work
 Expl Unexpl |  Obj  Depth IntInf | Incumbent    BestBd   Gap | It/Node Time

     0     0  547.41370    0 5764          -  547.41370      -     -   20s
     0     0  541.05472    0 3351          -  541.05472      -     -   70s
H    0     0                     354.2667452  541.05104  52.7%     -   97s
     0     0  537.15010    0 2180  354.26675  537.15010  51.6%     -  150s
     0     0  537.03834    0 2089  354.26675  537.03834  51.6%     -  174s
     0     0  536.95199    0 1958  354.26675  536.95199  51.6%     -  178s
     0     0  536.94749    0 1937  354.26675  536.94749  51.6%     -  178s
     0     0  536.58456    0 1929  354.26675  536.58456  51.5%     -  181s
     0     0  536.58451    0 1921  354.26675  536.58451  51.5%     -  182s
     0     0  536.56283    0 1920  354.26675  536.56283  51.5%     -  182s
     0     0  536.56216    0 1921  354.26675  536.56216  51.5%     -  182s
     0     0  535.87798    0 1546  354.26675  535.87798  51.3%     -  184s
     0     0  535.87762    0 1544  354.26675  535.87762  51.3%     -  184s
     0     0  535.57664    0 1595  354.26675  535.57664  51.2%     -  187s
     0     0  535.57517    0 1583  354.26675  535.57517  51.2%     -  187s
     0     0  535.55971    0 1579  354.26675  535.55971  51.2%     -  188s
     0     0  535.55610    0 1600  354.26675  535.55610  51.2%     -  188s
     0     0  534.97517    0 1444  354.26675  534.97517  51.0%     -  193s
     0     0  534.93635    0 1490  354.26675  534.93635  51.0%     -  196s
     0     0  534.92709    0 1507  354.26675  534.92709  51.0%     -  196s
     0     0  534.92588    0 1518  354.26675  534.92588  51.0%     -  197s
     0     0  534.79349    0 1435  354.26675  534.79349  51.0%     -  201s
     0     0  534.77020    0 1429  354.26675  534.77020  51.0%     -  202s
     0     0  534.76820    0 1433  354.26675  534.76820  51.0%     -  202s
     0     0  534.73288    0 1465  354.26675  534.73288  50.9%     -  204s
     0     0  534.72069    0 1438  354.26675  534.72069  50.9%     -  206s
     0     0  534.71796    0 1440  354.26675  534.71796  50.9%     -  206s
     0     0  534.68536    0 1428  354.26675  534.68536  50.9%     -  207s
     0     0  534.68506    0 1428  354.26675  534.68506  50.9%     -  240s
     0     2  534.68506    0 1428  354.26675  534.68506  50.9%     -  246s
    27    32  534.67039    7 1458  354.26675  534.67291  50.9%  49.9  250s
    66    71  534.64288   13 1464  354.26675  534.67291  50.9%  29.8  255s
   103   145  534.61275   19 1442  354.26675  534.67291  50.9%  23.6  261s
   144   159  534.57520   25 1441  354.26675  534.67291  50.9%  20.5  265s
   216   234  534.60206   36 1427  354.26675  534.67291  50.9%  17.1  270s
   298   322  534.19380   54 1426  354.26675  534.67291  50.9%  15.3  278s
   321   400  534.18636   57 1427  354.26675  534.67291  50.9%  14.5  281s
H  399   431                     354.2700353  534.67291  50.9%  12.9  285s
   430   509  534.01021   85 1407  354.27004  534.67291  50.9%  12.4  290s
H  449   509                     354.2797844  534.67291  50.9%  12.4  291s
H  469   509                     354.3666653  534.67291  50.9%  12.3  291s
H  489   509                     354.4066506  534.67291  50.9%  12.2  291s
H  508   540                     369.9075754  534.67291  44.5%  12.2  296s
H  516   540                     386.4564842  534.67291  38.4%  12.1  296s
H  531   540                     395.8413230  534.67291  35.1%  11.9  296s
   539   617  533.80070  103 1387  395.84132  534.67291  35.1%  11.9  300s
H  616   662                     396.3621606  534.67291  34.9%  11.3  305s
H  629   662                     397.6468228  534.67291  34.5%  11.2  305s
H  652   662                     398.1601438  534.67291  34.3%  11.0  305s
   661   734  533.78158  124 1360  398.16014  534.67291  34.3%  10.9  311s
H  678   734                     398.2670880  534.67291  34.2%  10.8  311s
H  696   734                     398.3689966  534.67291  34.2%  10.8  311s
H  714   734                     400.4796907  534.67291  33.5%  10.7  311s
   733   788  533.76461  136 1353  400.47969  534.67291  33.5%  10.6  315s
H  758   788                     413.1301166  534.67291  29.4%  10.6  316s
H  787   837                     418.1904044  534.67291  27.9%  10.4  323s
H  800   837                     419.7178174  534.67291  27.4%  10.3  323s
   836   916  533.68090  154 1340  419.71782  534.67291  27.4%  10.2  329s
H  850   916                     426.2480995  534.67291  25.4%  10.2  329s
H  869   916                     436.7932371  534.67291  22.4%  10.1  329s
   915   994  533.68041  168 1324  436.79324  534.67291  22.4%   9.9  335s
H  958   994                     440.1887403  534.67291  21.5%   9.6  335s
H  993  1032                     442.8136954  534.67291  20.7%   9.5  342s
H 1003  1032                     447.3305381  534.67291  19.5%   9.4  342s
H 1022  1032                     448.9495629  534.67291  19.1%   9.4  342s
H 1023  1032                     450.4656277  534.67291  18.7%   9.4  342s
  1031  1108  533.61434  190 1306  450.46563  534.67291  18.7%   9.3  351s
H 1049  1108                     463.4345987  534.67291  15.4%   9.3  351s
H 1068  1108                     470.6035522  534.67291  13.6%   9.2  351s
  1107  1217  533.59177  204 1286  470.60355  534.67291  13.6%   9.1  357s
  1216  1432  533.57403  222 1248  470.60355  534.67291  13.6%   8.8  363s
  1431  1654  533.38477  261 1161  470.60355  534.67291  13.6%   8.6  368s
  1653  1722  533.33182  302 1119  470.60355  534.67291  13.6%   8.2  381s
H 1665  1722                     477.3411225  534.67291  12.0%   8.2  381s
H 1678  1722                     483.2342707  534.67291  10.6%   8.2  381s
  1721  1934  533.32541  310 1101  483.23427  534.67291  10.6%   8.1  387s
  1933  2140  533.28691  350  999  483.23427  534.67291  10.6%   8.0  392s
  2139  2360  533.15134  385  882  483.23427  534.67291  10.6%   7.8  398s
  2359  2631  533.12580  419  832  483.23427  534.67291  10.6%   7.9  404s
H 2630  2707                     491.8946334  534.67291  8.70%   7.9  411s
H 2658  2707                     530.2974632  534.67291  0.83%   7.9  412s
  2706  2945  532.91780  472  745  530.29746  534.67291  0.83%   7.9  417s
  2944  3289  532.89068  512  700  530.29746  534.67291  0.83%   8.0  424s
  3288  3590  532.86776  586  593  530.29746  534.67291  0.83%   7.6  430s
  3589  3957  532.84814  643  527  530.29746  534.67291  0.83%   7.3  438s
H 3956  3961                     531.9806436  534.67291  0.51%   6.9  461s
H 3960  3965                     532.0345363  534.67291  0.50%   6.9  478s
H 3961  3965                     532.4295206  534.67291  0.42%   6.9  478s
  3964  4180  532.82230  727  450  532.42952  534.67291  0.42%   6.9  484s
  4103  4180  532.66074  728  430  532.42952  534.67291  0.42%   6.9  485s
H 4208  1670                     533.1766243  534.67291  0.28%   6.9  555s
H 4211  1617                     533.2437656  534.67291  0.27%   7.0  555s
  4212  1860     cutoff  776       533.24377  534.66649  0.27%   7.0  563s
  4462  2171  534.19211   59 1368  533.24377  534.66649  0.27%   7.1  571s
  4776  2172  533.75025   96 1428  533.24377  534.66649  0.27%   7.4  614s
  4778  2173  533.33163  300 1753  533.24377  534.66649  0.27%   7.4  642s
  4779  2174  534.20091   36 1521  533.24377  534.66649  0.27%   7.4  663s
  4780  2175  533.61629  110 1297  533.24377  534.66649  0.27%   7.4  676s
  4781  2175  534.64952    4 1275  533.24377  534.65682  0.26%   7.4  699s
  4782  2176  533.57246  214 1279  533.24377  534.52095  0.24%   7.4  714s
  4783  2177  533.44158  161 1207  533.24377  534.43960  0.22%   7.4  742s
  4784  2177  534.24413   43 1230  533.24377  534.35098  0.21%   7.4  756s
  4785  2178  534.25297   30 1170  533.24377  534.25297  0.19%   7.4  779s
  4786  2179  533.99889   59 1139  533.24377  534.21737  0.18%   7.4  789s
  4787  2179  533.57063  226 1122  533.24377  534.16532  0.17%   7.4  808s
  4788  2180  533.25799  231 1109  533.24377  534.14529  0.17%   7.4  815s
  4789  2181  534.10939   88 1084  533.24377  534.12192  0.16%   7.4  832s
  4790  2181  533.68703  148 1072  533.24377  534.10524  0.16%   7.4  838s
  4791  2182  534.07839  110 1051  533.24377  534.07839  0.16%   7.4  853s
  4792  2183  534.07839   11 1073  533.24377  534.07839  0.16%   7.4  860s
  4793  2183  533.42207  134 1066  533.24377  534.05612  0.15%   7.4  874s
  4794  2184  534.05331  119 1057  533.24377  534.05331  0.15%   7.4  880s
  4795  2185  534.03906   32 1034  533.24377  534.03906  0.15%   7.4  894s
  4796  2185  534.03315    5 1049  533.24377  534.03315  0.15%   7.4  900s
  4797  2186  533.32088  237 1037  533.24377  534.02751  0.15%   7.3  916s
  4798  2187  533.79919   80 1040  533.24377  534.02732  0.15%   7.3  922s
  4799  2187  533.68762  148 1040  533.24377  534.02423  0.15%   7.3  936s
  4800  2188  533.30965  326 1042  533.24377  534.02363  0.15%   7.3  942s
  4801  2189  534.01696   43 1030  533.24377  534.01696  0.14%   7.3  956s
  4802  2189  534.01230   33 1042  533.24377  534.01230  0.14%   7.3  962s
  4803  2190  533.98756   47 1016  533.24377  533.98756  0.14%   7.3  979s
  4804  2191  533.25397  244 1029  533.24377  533.97682  0.14%   7.3  985s
  4805  2191  533.30506  247 1027  533.24377  533.96940  0.14%   7.3 1001s
  4806  2192  533.96940   58 1036  533.24377  533.96940  0.14%   7.3 1006s
  4807  2193  533.95616   16 1025  533.24377  533.95616  0.13%   7.3 1022s
  4808  2193  533.55530  121 1030  533.24377  533.95601  0.13%   7.3 1028s
  4809  2194  533.95322   66 1027  533.24377  533.95322  0.13%   7.3 1043s
  4810  2195  533.59740  113 1036  533.24377  533.95319  0.13%   7.3 1050s
  4811  2195  533.63356  100 1030  533.24377  533.95094  0.13%   7.3 1069s
  4812  2196  533.66283  141 1032  533.24377  533.95087  0.13%   7.3 1075s
  4813  2197  533.94877    9 1024  533.24377  533.94877  0.13%   7.3 1093s
  4814  2197  533.49940  150 1019  533.24377  533.94877  0.13%   7.3 1102s
  4815  2198  533.94773    7 1023  533.24377  533.94773  0.13%   7.3 1119s
  4816  2199  533.70339   72 1025  533.24377  533.94757  0.13%   7.3 1126s
  4817  2199  533.94475   83 1026  533.24377  533.94475  0.13%   7.3 1145s
  4818  2200  533.56555  141 1030  533.24377  533.94414  0.13%   7.3 1152s
  4819  2201  533.62779   95 1025  533.24377  533.93616  0.13%   7.3 1171s
  4820  2201  533.68567   69 1027  533.24377  533.93393  0.13%   7.3 1178s
  4821  2202  533.28453  350 1030  533.24377  533.93246  0.13%   7.3 1193s
  4822  2203  533.33400  292 1032  533.24377  533.93150  0.13%   7.3 1199s
  4823  2203  533.92919   34 1019  533.24377  533.92919  0.13%   7.3 1216s
  4824  2204  533.63547  100 1022  533.24377  533.92919  0.13%   7.3 1224s
  4825  2205  533.78910   50 1020  533.24377  533.92919  0.13%   7.3 1245s
  4826  2205  533.41553  188 1025  533.24377  533.92919  0.13%   7.3 1271s
  4827  2206  533.25074  202 1025  533.24377  533.92919  0.13%   7.3 1296s
  4828  2207  533.92919   98 1025  533.24377  533.92919  0.13%   7.3 1314s
  4831  2210  533.58679  211 1428  533.24377  533.92919  0.13%  40.3 1316s
  4833  2211  533.63293  178 1585  533.24377  533.92919  0.13%  40.2 1345s
  4834  2212  533.41844  225 1485  533.24377  533.92919  0.13%  40.2 1364s
  4835  2213  533.92919   25 1459  533.24377  533.92919  0.13%  40.2 1376s
  4836  2213  533.44477  237 1405  533.24377  533.92919  0.13%  40.2 1394s
  4837  2214  533.71125  129 1250  533.24377  533.92919  0.13%  40.2 1404s
  4838  2215  533.92919   87 1216  533.24377  533.92919  0.13%  40.2 1427s
  4839  2215  533.39207  184 1053  533.24377  533.92919  0.13%  40.2 1438s
  4840  2216  533.55004  138  951  533.24377  533.91593  0.13%  40.2 1458s
  4841  2217  533.90729   81  971  533.24377  533.90729  0.12%  40.2 1467s
  4842  2217  533.69708  151  959  533.24377  533.88608  0.12%  40.2 1486s
  4843  2218  533.62683   93  982  533.24377  533.88608  0.12%  40.2 1494s
  4844  2219  533.78954  115  997  533.24377  533.88608  0.12%  40.2 1516s
  4845  2219  533.44382  198  983  533.24377  533.88446  0.12%  40.1 1525s
  4846  2220  533.86052  117  972  533.24377  533.86052  0.12%  40.1 1546s
  4847  2221  533.86052   12  968  533.24377  533.86052  0.12%  40.1 1557s
  4848  2221  533.41396  199  954  533.24377  533.86052  0.12%  40.1 1581s
  4849  2222  533.25962  247  943  533.24377  533.86052  0.12%  40.1 1592s
  4850  2223  533.44158  161  939  533.24377  533.86052  0.12%  40.1 1612s
  4851  2223  533.86052   11  940  533.24377  533.86052  0.12%  40.1 1621s
  4852  2224  533.72106  128  954  533.24377  533.84847  0.11%  40.1 1644s
  4853  2225  533.58335  124  944  533.24377  533.84847  0.11%  40.1 1655s
  4854  2225  533.84847    5  939  533.24377  533.84847  0.11%  40.1 1675s
  4855  2226  533.67514  167  944  533.24377  533.84847  0.11%  40.1 1680s
  4856  2227  533.84472  100  934  533.24377  533.84472  0.11%  40.1 1696s
  4857  2227  533.84472   42  939  533.24377  533.84472  0.11%  40.0 1703s
  4858  2228  533.84472   57  935  533.24377  533.84472  0.11%  40.0 1718s
  4859  2229  533.84472   27  939  533.24377  533.84472  0.11%  40.0 1724s
  4860  2229  533.84472   49  934  533.24377  533.84472  0.11%  40.0 1739s
  4861  2230  533.49383  139  936  533.24377  533.84472  0.11%  40.0 1745s
  4862  2231  533.32267  312  940  533.24377  533.84472  0.11%  40.0 1760s
  4863  2231  533.30952  330  946  533.24377  533.84472  0.11%  40.0 1768s
  4864  2232  533.84472   66  943  533.24377  533.84472  0.11%  40.0 1784s
  4865  2233  533.84472  108  943  533.24377  533.84472  0.11%  40.0 1796s
  4866  2233  533.84472  123  943  533.24377  533.84472  0.11%  40.0 1802s
  4867  2237  533.84330   21  931  533.24377  533.84330  0.11%  63.7 1805s
  4869  2240  533.84182   22  937  533.24377  533.84330  0.11%  63.7 1814s
  4873  2243  533.83643   23  931  533.24377  533.84158  0.11%  63.7 1815s
  4909  2267  533.82247   27  906  533.24377  533.83600  0.11%  63.5 1820s
  4941  2296  533.55929   31  895  533.24377  533.83600  0.11%  63.4 1825s
  4987  2333  533.76667   37  883  533.24377  533.83600  0.11%  63.1 1831s
  5017  2353  533.76420   40  874  533.24377  533.83600  0.11%  62.8 1836s
  5054  2380  533.74363   45  866  533.24377  533.83600  0.11%  62.6 1841s
  5087  2399  533.72977   49  849  533.24377  533.83600  0.11%  62.3 1846s
  5120  2423  533.72580   54  843  533.24377  533.83600  0.11%  62.1 1852s
  5145  2432  533.71951   57  838  533.24377  533.83600  0.11%  61.9 1855s
  5182  2451  533.71724   61  832  533.24377  533.83600  0.11%  61.6 1861s
  5208  2473  533.70748   64  835  533.24377  533.83600  0.11%  61.4 1867s
  5227  2491  533.51906   66  834  533.24377  533.83600  0.11%  61.2 1871s
  5251  2499  533.66270   69  826  533.24377  533.83600  0.11%  61.1 1876s
  5268  2510  533.66906   71  826  533.24377  533.83600  0.11%  60.9 1880s
  5286  2525  533.66795   73  826  533.24377  533.83600  0.11%  60.8 1885s
  5332  2549  533.38187   78  750  533.24377  533.83600  0.11%  60.5 1893s
  5355  2584     cutoff   80       533.24377  533.83600  0.11%  60.4 1898s
  5406  2612  533.63710   87  739  533.24377  533.83600  0.11%  60.0 1903s
  5451  2635  533.63602   92  729  533.24377  533.83600  0.11%  59.6 1908s
  5502  2630  533.63595   98  713  533.24377  533.83600  0.11%  59.4 1913s
  5549  2640  533.63580  101  713  533.24377  533.83600  0.11%  59.1 1917s
  5591  2647  533.61641  105  712  533.24377  533.83600  0.11%  58.9 1923s
  5629  2647  533.52687  110  708  533.24377  533.83600  0.11%  58.7 1934s
  5666  2652  533.43904  114  704  533.24377  533.83600  0.11%  58.6 1942s
  5684  2688  533.29659  116  709  533.24377  533.83600  0.11%  58.6 1947s
  5731  2731  533.42909  123  709  533.24377  533.83600  0.11%  58.3 1953s
  5795  2836  533.39831  132  704  533.24377  533.83600  0.11%  57.9 1961s
  5922  2923  533.39400  149  680  533.24377  533.83600  0.11%  57.0 1970s
  6083  2986  533.39454  163  662  533.24377  533.83600  0.11%  56.1 1978s
  6230  3079  533.38688  184  631  533.24377  533.83600  0.11%  55.5 1985s
  6385  3190  533.38402  207  617  533.24377  533.83600  0.11%  54.8 1994s
  6601  3120     cutoff  233       533.24377  533.83600  0.11%  53.6 2061s
H 6602  2168                     533.4611412  533.83600  0.07%  53.6 2061s
  6607  2272     cutoff  234       533.46114  533.82975  0.07%  53.6 2068s
  6775  2379  533.58241   42  887  533.46114  533.82267  0.07%  52.9 2078s
  7029  2487  533.58045   75  840  533.46114  533.81930  0.07%  51.7 2087s
  7297  2753  533.71156   37  929  533.46114  533.81392  0.07%  50.5 2098s
  7674  2912  533.49833  116  711  533.46114  533.81174  0.07%  48.8 2111s
  8041  3117  533.60626   40  904  533.46114  533.80984  0.07%  47.2 2124s
H 8440  2857                     533.4647156  533.80984  0.06%  45.7 2145s
H 8515  2472                     533.4783606  533.80984  0.06%  45.5 2145s
  8517  2890  533.58199   49  864  533.47836  533.80939  0.06%  45.5 2159s
  9020  3333  533.58411   87  745  533.47836  533.80721  0.06%  43.8 2173s
H 9642  3072                     533.4860769  533.80721  0.06%  41.6 2195s
  9831  3357  533.51626  245  477  533.48608  533.80721  0.06%  40.9 2210s
H 9839  3085                     533.4972309  533.80721  0.06%  40.8 2210s
 10255  3229     cutoff  366       533.49723  533.80695  0.06%  39.5 2235s
 10959  3484  533.59016   73  827  533.49723  533.80226  0.06%  38.2 2251s
 11284  3815  533.52783  124  755  533.49723  533.79971  0.06%  37.5 2263s
 11744  4137  533.51602   63  840  533.49723  533.79607  0.06%  36.7 2275s
 12268  4575  533.64260   38  917  533.49723  533.79429  0.06%  35.9 2288s
 12829  4925  533.51118   64  841  533.49723  533.79247  0.06%  34.9 2304s
 13373  5346  533.66308   38  901  533.49723  533.78716  0.05%  34.3 2319s
 13990  5639  533.55964   72  839  533.49723  533.78107  0.05%  33.6 2336s
 14428  6153  533.53591  119  778  533.49723  533.77596  0.05%  33.1 2353s
 15098  6646  533.60635   65  839  533.49723  533.77075  0.05%  32.4 2372s
 15743  7124  533.49845  147  594  533.49723  533.76612  0.05%  31.8 2389s
 16388  7634  533.54657   47  879  533.49723  533.75945  0.05%  31.3 2404s
 17092  8163  533.57780   72  833  533.49723  533.75733  0.05%  30.7 2422s
 17732  8588  533.53156  129  729  533.49723  533.75563  0.05%  30.1 2438s
 18382  9036  533.52606  100  728  533.49723  533.75451  0.05%  29.6 2454s
 19053  9478     cutoff   37       533.49723  533.75156  0.05%  29.2 2471s
 19702  9984  533.50425   63  823  533.49723  533.74878  0.05%  28.9 2489s
 20387 10475  533.68371   40  899  533.49723  533.74546  0.05%  28.4 2505s
